<?xml version="1.0" encoding="UTF-8"?>
<testsuite xmlns:xsi="http://www.w3.org/2001/XMLSchema-instance" xsi:noNamespaceSchemaLocation="https://maven.apache.org/surefire/maven-surefire-plugin/xsd/surefire-test-report-3.0.xsd" version="3.0" name="com.moviles.ProyectoMovilesApplicationTests" time="8.662" tests="1" errors="0" skipped="0" failures="0">
  <properties>
[...]
</properties>
  <testcase name="contextLoads" classname="com.moviles.ProyectoMovilesApplicationTests" time="0.655">
    <system-out><![CDATA[17:47:40.257 [main] INFO org.springframework.test.context.support.AnnotationConfigContextLoaderUtils -- Could not detect default configuration classes for test class [com.moviles.ProyectoMovilesApplicationTests]: ProyectoMovilesApplicationTests does not declare any static, non-private, non-final, nested classes annotated with @Configuration.
17:47:40.357 [main] INFO org.springframework.boot.test.context.SpringBootTestContextBootstrapper -- Found @SpringBootConfiguration com.moviles.ProyectoMovilesApplication for test class com.moviles.ProyectoMovilesApplicationTests
17:47:40.518 [main] INFO org.springframework.boot.devtools.restart.RestartApplicationListener -- Restart disabled due to context in which it is running

  .   ____          _            __ _ _
 /\\ / ___'_ __ _ _(_)_ __  __ _ \ \ \ \
( ( )\___ | '_ | '_| | '_ \/ _` | \ \ \ \
 \\/  ___)| |_)| | | | | || (_| |  ) ) ) )
  '  |____| .__|_| |_|_| |_\__, | / / / /
 =========|_|==============|___/=/_/_/_/
 :: Spring Boot ::                (v3.1.5)

2023-11-07T17:47:40.777-05:00  INFO 12336 --- [           main] c.m.ProyectoMovilesApplicationTests      : Starting ProyectoMovilesApplicationTests using Java 17.0.7 with PID 12336 (started by NS in D:\SpringWorkSpace\Proyecto_Moviles)
2023-11-07T17:47:40.781-05:00  INFO 12336 --- [           main] c.m.ProyectoMovilesApplicationTests      : No active profile set, falling back to 1 default profile: "default"
2023-11-07T17:47:41.645-05:00  INFO 12336 --- [           main] .s.d.r.c.RepositoryConfigurationDelegate : Bootstrapping Spring Data JPA repositories in DEFAULT mode.
2023-11-07T17:47:41.703-05:00  INFO 12336 --- [           main] .s.d.r.c.RepositoryConfigurationDelegate : Finished Spring Data repository scanning in 49 ms. Found 3 JPA repository interfaces.
2023-11-07T17:47:42.309-05:00  INFO 12336 --- [           main] o.hibernate.jpa.internal.util.LogHelper  : HHH000204: Processing PersistenceUnitInfo [name: default]
2023-11-07T17:47:42.353-05:00  INFO 12336 --- [           main] org.hibernate.Version                    : HHH000412: Hibernate ORM core version 6.2.13.Final
2023-11-07T17:47:42.355-05:00  INFO 12336 --- [           main] org.hibernate.cfg.Environment            : HHH000406: Using bytecode reflection optimizer
2023-11-07T17:47:42.492-05:00 DEBUG 12336 --- [           main] org.hibernate.type.BasicTypeRegistry     : Adding type registration boolean -> org.hibernate.type.BasicTypeReference@73e4bb60
2023-11-07T17:47:42.492-05:00 DEBUG 12336 --- [           main] org.hibernate.type.BasicTypeRegistry     : Adding type registration boolean -> org.hibernate.type.BasicTypeReference@73e4bb60
2023-11-07T17:47:42.493-05:00 DEBUG 12336 --- [           main] org.hibernate.type.BasicTypeRegistry     : Adding type registration java.lang.Boolean -> org.hibernate.type.BasicTypeReference@73e4bb60
2023-11-07T17:47:42.493-05:00 DEBUG 12336 --- [           main] org.hibernate.type.BasicTypeRegistry     : Adding type registration numeric_boolean -> org.hibernate.type.BasicTypeReference@9a9aa68
2023-11-07T17:47:42.493-05:00 DEBUG 12336 --- [           main] org.hibernate.type.BasicTypeRegistry     : Adding type registration org.hibernate.type.NumericBooleanConverter -> org.hibernate.type.BasicTypeReference@9a9aa68
2023-11-07T17:47:42.493-05:00 DEBUG 12336 --- [           main] org.hibernate.type.BasicTypeRegistry     : Adding type registration true_false -> org.hibernate.type.BasicTypeReference@3a3883c4
2023-11-07T17:47:42.493-05:00 DEBUG 12336 --- [           main] org.hibernate.type.BasicTypeRegistry     : Adding type registration org.hibernate.type.TrueFalseConverter -> org.hibernate.type.BasicTypeReference@3a3883c4
2023-11-07T17:47:42.493-05:00 DEBUG 12336 --- [           main] org.hibernate.type.BasicTypeRegistry     : Adding type registration yes_no -> org.hibernate.type.BasicTypeReference@1537e43
2023-11-07T17:47:42.493-05:00 DEBUG 12336 --- [           main] org.hibernate.type.BasicTypeRegistry     : Adding type registration org.hibernate.type.YesNoConverter -> org.hibernate.type.BasicTypeReference@1537e43
2023-11-07T17:47:42.493-05:00 DEBUG 12336 --- [           main] org.hibernate.type.BasicTypeRegistry     : Adding type registration byte -> org.hibernate.type.BasicTypeReference@573aeab2
2023-11-07T17:47:42.493-05:00 DEBUG 12336 --- [           main] org.hibernate.type.BasicTypeRegistry     : Adding type registration byte -> org.hibernate.type.BasicTypeReference@573aeab2
2023-11-07T17:47:42.493-05:00 DEBUG 12336 --- [           main] org.hibernate.type.BasicTypeRegistry     : Adding type registration java.lang.Byte -> org.hibernate.type.BasicTypeReference@573aeab2
2023-11-07T17:47:42.494-05:00 DEBUG 12336 --- [           main] org.hibernate.type.BasicTypeRegistry     : Adding type registration binary -> org.hibernate.type.BasicTypeReference@1304e0d7
2023-11-07T17:47:42.494-05:00 DEBUG 12336 --- [           main] org.hibernate.type.BasicTypeRegistry     : Adding type registration byte[] -> org.hibernate.type.BasicTypeReference@1304e0d7
2023-11-07T17:47:42.494-05:00 DEBUG 12336 --- [           main] org.hibernate.type.BasicTypeRegistry     : Adding type registration [B -> org.hibernate.type.BasicTypeReference@1304e0d7
2023-11-07T17:47:42.494-05:00 DEBUG 12336 --- [           main] org.hibernate.type.BasicTypeRegistry     : Adding type registration binary_wrapper -> org.hibernate.type.BasicTypeReference@7708b66a
2023-11-07T17:47:42.494-05:00 DEBUG 12336 --- [           main] org.hibernate.type.BasicTypeRegistry     : Adding type registration wrapper-binary -> org.hibernate.type.BasicTypeReference@7708b66a
2023-11-07T17:47:42.494-05:00 DEBUG 12336 --- [           main] org.hibernate.type.BasicTypeRegistry     : Adding type registration image -> org.hibernate.type.BasicTypeReference@433ef204
2023-11-07T17:47:42.494-05:00 DEBUG 12336 --- [           main] org.hibernate.type.BasicTypeRegistry     : Adding type registration blob -> org.hibernate.type.BasicTypeReference@4dd2ef54
2023-11-07T17:47:42.494-05:00 DEBUG 12336 --- [           main] org.hibernate.type.BasicTypeRegistry     : Adding type registration java.sql.Blob -> org.hibernate.type.BasicTypeReference@4dd2ef54
2023-11-07T17:47:42.494-05:00 DEBUG 12336 --- [           main] org.hibernate.type.BasicTypeRegistry     : Adding type registration materialized_blob -> org.hibernate.type.BasicTypeReference@795b66d
2023-11-07T17:47:42.494-05:00 DEBUG 12336 --- [           main] org.hibernate.type.BasicTypeRegistry     : Adding type registration materialized_blob_wrapper -> org.hibernate.type.BasicTypeReference@359ceb13
2023-11-07T17:47:42.495-05:00 DEBUG 12336 --- [           main] org.hibernate.type.BasicTypeRegistry     : Adding type registration short -> org.hibernate.type.BasicTypeReference@1068176
2023-11-07T17:47:42.495-05:00 DEBUG 12336 --- [           main] org.hibernate.type.BasicTypeRegistry     : Adding type registration short -> org.hibernate.type.BasicTypeReference@1068176
2023-11-07T17:47:42.495-05:00 DEBUG 12336 --- [           main] org.hibernate.type.BasicTypeRegistry     : Adding type registration java.lang.Short -> org.hibernate.type.BasicTypeReference@1068176
2023-11-07T17:47:42.495-05:00 DEBUG 12336 --- [           main] org.hibernate.type.BasicTypeRegistry     : Adding type registration integer -> org.hibernate.type.BasicTypeReference@5bf4764d
2023-11-07T17:47:42.495-05:00 DEBUG 12336 --- [           main] org.hibernate.type.BasicTypeRegistry     : Adding type registration int -> org.hibernate.type.BasicTypeReference@5bf4764d
2023-11-07T17:47:42.495-05:00 DEBUG 12336 --- [           main] org.hibernate.type.BasicTypeRegistry     : Adding type registration java.lang.Integer -> org.hibernate.type.BasicTypeReference@5bf4764d
2023-11-07T17:47:42.495-05:00 DEBUG 12336 --- [           main] org.hibernate.type.BasicTypeRegistry     : Adding type registration long -> org.hibernate.type.BasicTypeReference@71789580
2023-11-07T17:47:42.495-05:00 DEBUG 12336 --- [           main] org.hibernate.type.BasicTypeRegistry     : Adding type registration long -> org.hibernate.type.BasicTypeReference@71789580
2023-11-07T17:47:42.495-05:00 DEBUG 12336 --- [           main] org.hibernate.type.BasicTypeRegistry     : Adding type registration java.lang.Long -> org.hibernate.type.BasicTypeReference@71789580
2023-11-07T17:47:42.495-05:00 DEBUG 12336 --- [           main] org.hibernate.type.BasicTypeRegistry     : Adding type registration float -> org.hibernate.type.BasicTypeReference@23ee2ccf
2023-11-07T17:47:42.495-05:00 DEBUG 12336 --- [           main] org.hibernate.type.BasicTypeRegistry     : Adding type registration float -> org.hibernate.type.BasicTypeReference@23ee2ccf
2023-11-07T17:47:42.495-05:00 DEBUG 12336 --- [           main] org.hibernate.type.BasicTypeRegistry     : Adding type registration java.lang.Float -> org.hibernate.type.BasicTypeReference@23ee2ccf
2023-11-07T17:47:42.496-05:00 DEBUG 12336 --- [           main] org.hibernate.type.BasicTypeRegistry     : Adding type registration double -> org.hibernate.type.BasicTypeReference@165614f5
2023-11-07T17:47:42.496-05:00 DEBUG 12336 --- [           main] org.hibernate.type.BasicTypeRegistry     : Adding type registration double -> org.hibernate.type.BasicTypeReference@165614f5
2023-11-07T17:47:42.496-05:00 DEBUG 12336 --- [           main] org.hibernate.type.BasicTypeRegistry     : Adding type registration java.lang.Double -> org.hibernate.type.BasicTypeReference@165614f5
2023-11-07T17:47:42.496-05:00 DEBUG 12336 --- [           main] org.hibernate.type.BasicTypeRegistry     : Adding type registration big_integer -> org.hibernate.type.BasicTypeReference@6e685e6c
2023-11-07T17:47:42.496-05:00 DEBUG 12336 --- [           main] org.hibernate.type.BasicTypeRegistry     : Adding type registration java.math.BigInteger -> org.hibernate.type.BasicTypeReference@6e685e6c
2023-11-07T17:47:42.496-05:00 DEBUG 12336 --- [           main] org.hibernate.type.BasicTypeRegistry     : Adding type registration big_decimal -> org.hibernate.type.BasicTypeReference@5b0902b4
2023-11-07T17:47:42.496-05:00 DEBUG 12336 --- [           main] org.hibernate.type.BasicTypeRegistry     : Adding type registration java.math.BigDecimal -> org.hibernate.type.BasicTypeReference@5b0902b4
2023-11-07T17:47:42.496-05:00 DEBUG 12336 --- [           main] org.hibernate.type.BasicTypeRegistry     : Adding type registration character -> org.hibernate.type.BasicTypeReference@9d3d54e
2023-11-07T17:47:42.496-05:00 DEBUG 12336 --- [           main] org.hibernate.type.BasicTypeRegistry     : Adding type registration char -> org.hibernate.type.BasicTypeReference@9d3d54e
2023-11-07T17:47:42.496-05:00 DEBUG 12336 --- [           main] org.hibernate.type.BasicTypeRegistry     : Adding type registration java.lang.Character -> org.hibernate.type.BasicTypeReference@9d3d54e
2023-11-07T17:47:42.496-05:00 DEBUG 12336 --- [           main] org.hibernate.type.BasicTypeRegistry     : Adding type registration character_nchar -> org.hibernate.type.BasicTypeReference@2f04993d
2023-11-07T17:47:42.496-05:00 DEBUG 12336 --- [           main] org.hibernate.type.BasicTypeRegistry     : Adding type registration string -> org.hibernate.type.BasicTypeReference@333398f
2023-11-07T17:47:42.497-05:00 DEBUG 12336 --- [           main] org.hibernate.type.BasicTypeRegistry     : Adding type registration java.lang.String -> org.hibernate.type.BasicTypeReference@333398f
2023-11-07T17:47:42.497-05:00 DEBUG 12336 --- [           main] org.hibernate.type.BasicTypeRegistry     : Adding type registration nstring -> org.hibernate.type.BasicTypeReference@103c97ff
2023-11-07T17:47:42.497-05:00 DEBUG 12336 --- [           main] org.hibernate.type.BasicTypeRegistry     : Adding type registration characters -> org.hibernate.type.BasicTypeReference@7d25913
2023-11-07T17:47:42.497-05:00 DEBUG 12336 --- [           main] org.hibernate.type.BasicTypeRegistry     : Adding type registration char[] -> org.hibernate.type.BasicTypeReference@7d25913
2023-11-07T17:47:42.497-05:00 DEBUG 12336 --- [           main] org.hibernate.type.BasicTypeRegistry     : Adding type registration [C -> org.hibernate.type.BasicTypeReference@7d25913
2023-11-07T17:47:42.497-05:00 DEBUG 12336 --- [           main] org.hibernate.type.BasicTypeRegistry     : Adding type registration wrapper-characters -> org.hibernate.type.BasicTypeReference@c14e5a5
2023-11-07T17:47:42.497-05:00 DEBUG 12336 --- [           main] org.hibernate.type.BasicTypeRegistry     : Adding type registration text -> org.hibernate.type.BasicTypeReference@16f15ae9
2023-11-07T17:47:42.497-05:00 DEBUG 12336 --- [           main] org.hibernate.type.BasicTypeRegistry     : Adding type registration ntext -> org.hibernate.type.BasicTypeReference@6206b4a7
2023-11-07T17:47:42.497-05:00 DEBUG 12336 --- [           main] org.hibernate.type.BasicTypeRegistry     : Adding type registration clob -> org.hibernate.type.BasicTypeReference@77896335
2023-11-07T17:47:42.497-05:00 DEBUG 12336 --- [           main] org.hibernate.type.BasicTypeRegistry     : Adding type registration java.sql.Clob -> org.hibernate.type.BasicTypeReference@77896335
2023-11-07T17:47:42.497-05:00 DEBUG 12336 --- [           main] org.hibernate.type.BasicTypeRegistry     : Adding type registration nclob -> org.hibernate.type.BasicTypeReference@5c1b89ac
2023-11-07T17:47:42.497-05:00 DEBUG 12336 --- [           main] org.hibernate.type.BasicTypeRegistry     : Adding type registration java.sql.NClob -> org.hibernate.type.BasicTypeReference@5c1b89ac
2023-11-07T17:47:42.497-05:00 DEBUG 12336 --- [           main] org.hibernate.type.BasicTypeRegistry     : Adding type registration materialized_clob -> org.hibernate.type.BasicTypeReference@40a1b6d4
2023-11-07T17:47:42.498-05:00 DEBUG 12336 --- [           main] org.hibernate.type.BasicTypeRegistry     : Adding type registration materialized_clob_char_array -> org.hibernate.type.BasicTypeReference@175581eb
2023-11-07T17:47:42.498-05:00 DEBUG 12336 --- [           main] org.hibernate.type.BasicTypeRegistry     : Adding type registration materialized_clob_character_array -> org.hibernate.type.BasicTypeReference@2b79c8ff
2023-11-07T17:47:42.498-05:00 DEBUG 12336 --- [           main] org.hibernate.type.BasicTypeRegistry     : Adding type registration materialized_nclob -> org.hibernate.type.BasicTypeReference@2baf72d5
2023-11-07T17:47:42.498-05:00 DEBUG 12336 --- [           main] org.hibernate.type.BasicTypeRegistry     : Adding type registration materialized_nclob_character_array -> org.hibernate.type.BasicTypeReference@66756662
2023-11-07T17:47:42.498-05:00 DEBUG 12336 --- [           main] org.hibernate.type.BasicTypeRegistry     : Adding type registration materialized_nclob_char_array -> org.hibernate.type.BasicTypeReference@5d14e99e
2023-11-07T17:47:42.498-05:00 DEBUG 12336 --- [           main] org.hibernate.type.BasicTypeRegistry     : Adding type registration Duration -> org.hibernate.type.BasicTypeReference@38cfecf3
2023-11-07T17:47:42.498-05:00 DEBUG 12336 --- [           main] org.hibernate.type.BasicTypeRegistry     : Adding type registration java.time.Duration -> org.hibernate.type.BasicTypeReference@38cfecf3
2023-11-07T17:47:42.498-05:00 DEBUG 12336 --- [           main] org.hibernate.type.BasicTypeRegistry     : Adding type registration LocalDateTime -> org.hibernate.type.BasicTypeReference@682618e5
2023-11-07T17:47:42.498-05:00 DEBUG 12336 --- [           main] org.hibernate.type.BasicTypeRegistry     : Adding type registration java.time.LocalDateTime -> org.hibernate.type.BasicTypeReference@682618e5
2023-11-07T17:47:42.498-05:00 DEBUG 12336 --- [           main] org.hibernate.type.BasicTypeRegistry     : Adding type registration LocalDate -> org.hibernate.type.BasicTypeReference@25ad25f5
2023-11-07T17:47:42.498-05:00 DEBUG 12336 --- [           main] org.hibernate.type.BasicTypeRegistry     : Adding type registration java.time.LocalDate -> org.hibernate.type.BasicTypeReference@25ad25f5
2023-11-07T17:47:42.498-05:00 DEBUG 12336 --- [           main] org.hibernate.type.BasicTypeRegistry     : Adding type registration LocalTime -> org.hibernate.type.BasicTypeReference@5f0f70c7
2023-11-07T17:47:42.499-05:00 DEBUG 12336 --- [           main] org.hibernate.type.BasicTypeRegistry     : Adding type registration java.time.LocalTime -> org.hibernate.type.BasicTypeReference@5f0f70c7
2023-11-07T17:47:42.499-05:00 DEBUG 12336 --- [           main] org.hibernate.type.BasicTypeRegistry     : Adding type registration OffsetDateTime -> org.hibernate.type.BasicTypeReference@1860a7a1
2023-11-07T17:47:42.499-05:00 DEBUG 12336 --- [           main] org.hibernate.type.BasicTypeRegistry     : Adding type registration java.time.OffsetDateTime -> org.hibernate.type.BasicTypeReference@1860a7a1
2023-11-07T17:47:42.499-05:00 DEBUG 12336 --- [           main] org.hibernate.type.BasicTypeRegistry     : Adding type registration OffsetDateTimeWithTimezone -> org.hibernate.type.BasicTypeReference@40d96578
2023-11-07T17:47:42.499-05:00 DEBUG 12336 --- [           main] org.hibernate.type.BasicTypeRegistry     : Adding type registration OffsetDateTimeWithoutTimezone -> org.hibernate.type.BasicTypeReference@c97721b
2023-11-07T17:47:42.499-05:00 DEBUG 12336 --- [           main] org.hibernate.type.BasicTypeRegistry     : Adding type registration OffsetTime -> org.hibernate.type.BasicTypeReference@283ab206
2023-11-07T17:47:42.499-05:00 DEBUG 12336 --- [           main] org.hibernate.type.BasicTypeRegistry     : Adding type registration java.time.OffsetTime -> org.hibernate.type.BasicTypeReference@283ab206
2023-11-07T17:47:42.499-05:00 DEBUG 12336 --- [           main] org.hibernate.type.BasicTypeRegistry     : Adding type registration OffsetTimeUtc -> org.hibernate.type.BasicTypeReference@35fa450f
2023-11-07T17:47:42.499-05:00 DEBUG 12336 --- [           main] org.hibernate.type.BasicTypeRegistry     : Adding type registration OffsetTimeWithTimezone -> org.hibernate.type.BasicTypeReference@3e03046d
2023-11-07T17:47:42.499-05:00 DEBUG 12336 --- [           main] org.hibernate.type.BasicTypeRegistry     : Adding type registration OffsetTimeWithoutTimezone -> org.hibernate.type.BasicTypeReference@9b3be1c
2023-11-07T17:47:42.499-05:00 DEBUG 12336 --- [           main] org.hibernate.type.BasicTypeRegistry     : Adding type registration ZonedDateTime -> org.hibernate.type.BasicTypeReference@74e497ae
2023-11-07T17:47:42.499-05:00 DEBUG 12336 --- [           main] org.hibernate.type.BasicTypeRegistry     : Adding type registration java.time.ZonedDateTime -> org.hibernate.type.BasicTypeReference@74e497ae
2023-11-07T17:47:42.499-05:00 DEBUG 12336 --- [           main] org.hibernate.type.BasicTypeRegistry     : Adding type registration ZonedDateTimeWithTimezone -> org.hibernate.type.BasicTypeReference@13516600
2023-11-07T17:47:42.500-05:00 DEBUG 12336 --- [           main] org.hibernate.type.BasicTypeRegistry     : Adding type registration ZonedDateTimeWithoutTimezone -> org.hibernate.type.BasicTypeReference@35d7386b
2023-11-07T17:47:42.500-05:00 DEBUG 12336 --- [           main] org.hibernate.type.BasicTypeRegistry     : Adding type registration date -> org.hibernate.type.BasicTypeReference@21002393
2023-11-07T17:47:42.500-05:00 DEBUG 12336 --- [           main] org.hibernate.type.BasicTypeRegistry     : Adding type registration java.sql.Date -> org.hibernate.type.BasicTypeReference@21002393
2023-11-07T17:47:42.500-05:00 DEBUG 12336 --- [           main] org.hibernate.type.BasicTypeRegistry     : Adding type registration time -> org.hibernate.type.BasicTypeReference@718989fa
2023-11-07T17:47:42.500-05:00 DEBUG 12336 --- [           main] org.hibernate.type.BasicTypeRegistry     : Adding type registration java.sql.Time -> org.hibernate.type.BasicTypeReference@718989fa
2023-11-07T17:47:42.500-05:00 DEBUG 12336 --- [           main] org.hibernate.type.BasicTypeRegistry     : Adding type registration timestamp -> org.hibernate.type.BasicTypeReference@69f080ad
2023-11-07T17:47:42.500-05:00 DEBUG 12336 --- [           main] org.hibernate.type.BasicTypeRegistry     : Adding type registration java.sql.Timestamp -> org.hibernate.type.BasicTypeReference@69f080ad
2023-11-07T17:47:42.500-05:00 DEBUG 12336 --- [           main] org.hibernate.type.BasicTypeRegistry     : Adding type registration java.util.Date -> org.hibernate.type.BasicTypeReference@69f080ad
2023-11-07T17:47:42.500-05:00 DEBUG 12336 --- [           main] org.hibernate.type.BasicTypeRegistry     : Adding type registration calendar -> org.hibernate.type.BasicTypeReference@6568f998
2023-11-07T17:47:42.500-05:00 DEBUG 12336 --- [           main] org.hibernate.type.BasicTypeRegistry     : Adding type registration java.util.Calendar -> org.hibernate.type.BasicTypeReference@6568f998
2023-11-07T17:47:42.500-05:00 DEBUG 12336 --- [           main] org.hibernate.type.BasicTypeRegistry     : Adding type registration java.util.GregorianCalendar -> org.hibernate.type.BasicTypeReference@6568f998
2023-11-07T17:47:42.500-05:00 DEBUG 12336 --- [           main] org.hibernate.type.BasicTypeRegistry     : Adding type registration calendar_date -> org.hibernate.type.BasicTypeReference@45d4421d
2023-11-07T17:47:42.500-05:00 DEBUG 12336 --- [           main] org.hibernate.type.BasicTypeRegistry     : Adding type registration calendar_time -> org.hibernate.type.BasicTypeReference@782fd504
2023-11-07T17:47:42.501-05:00 DEBUG 12336 --- [           main] org.hibernate.type.BasicTypeRegistry     : Adding type registration instant -> org.hibernate.type.BasicTypeReference@1537c744
2023-11-07T17:47:42.501-05:00 DEBUG 12336 --- [           main] org.hibernate.type.BasicTypeRegistry     : Adding type registration java.time.Instant -> org.hibernate.type.BasicTypeReference@1537c744
2023-11-07T17:47:42.501-05:00 DEBUG 12336 --- [           main] org.hibernate.type.BasicTypeRegistry     : Adding type registration uuid -> org.hibernate.type.BasicTypeReference@37314843
2023-11-07T17:47:42.501-05:00 DEBUG 12336 --- [           main] org.hibernate.type.BasicTypeRegistry     : Adding type registration java.util.UUID -> org.hibernate.type.BasicTypeReference@37314843
2023-11-07T17:47:42.501-05:00 DEBUG 12336 --- [           main] org.hibernate.type.BasicTypeRegistry     : Adding type registration pg-uuid -> org.hibernate.type.BasicTypeReference@37314843
2023-11-07T17:47:42.501-05:00 DEBUG 12336 --- [           main] org.hibernate.type.BasicTypeRegistry     : Adding type registration uuid-binary -> org.hibernate.type.BasicTypeReference@50122012
2023-11-07T17:47:42.501-05:00 DEBUG 12336 --- [           main] org.hibernate.type.BasicTypeRegistry     : Adding type registration uuid-char -> org.hibernate.type.BasicTypeReference@569348e1
2023-11-07T17:47:42.501-05:00 DEBUG 12336 --- [           main] org.hibernate.type.BasicTypeRegistry     : Adding type registration class -> org.hibernate.type.BasicTypeReference@7db5b890
2023-11-07T17:47:42.501-05:00 DEBUG 12336 --- [           main] org.hibernate.type.BasicTypeRegistry     : Adding type registration java.lang.Class -> org.hibernate.type.BasicTypeReference@7db5b890
2023-11-07T17:47:42.501-05:00 DEBUG 12336 --- [           main] org.hibernate.type.BasicTypeRegistry     : Adding type registration currency -> org.hibernate.type.BasicTypeReference@407b8435
2023-11-07T17:47:42.501-05:00 DEBUG 12336 --- [           main] org.hibernate.type.BasicTypeRegistry     : Adding type registration Currency -> org.hibernate.type.BasicTypeReference@407b8435
2023-11-07T17:47:42.501-05:00 DEBUG 12336 --- [           main] org.hibernate.type.BasicTypeRegistry     : Adding type registration java.util.Currency -> org.hibernate.type.BasicTypeReference@407b8435
2023-11-07T17:47:42.501-05:00 DEBUG 12336 --- [           main] org.hibernate.type.BasicTypeRegistry     : Adding type registration locale -> org.hibernate.type.BasicTypeReference@1282e98
2023-11-07T17:47:42.501-05:00 DEBUG 12336 --- [           main] org.hibernate.type.BasicTypeRegistry     : Adding type registration java.util.Locale -> org.hibernate.type.BasicTypeReference@1282e98
2023-11-07T17:47:42.501-05:00 DEBUG 12336 --- [           main] org.hibernate.type.BasicTypeRegistry     : Adding type registration serializable -> org.hibernate.type.BasicTypeReference@4db0ba1c
2023-11-07T17:47:42.501-05:00 DEBUG 12336 --- [           main] org.hibernate.type.BasicTypeRegistry     : Adding type registration java.io.Serializable -> org.hibernate.type.BasicTypeReference@4db0ba1c
2023-11-07T17:47:42.502-05:00 DEBUG 12336 --- [           main] org.hibernate.type.BasicTypeRegistry     : Adding type registration timezone -> org.hibernate.type.BasicTypeReference@1d91fa02
2023-11-07T17:47:42.502-05:00 DEBUG 12336 --- [           main] org.hibernate.type.BasicTypeRegistry     : Adding type registration java.util.TimeZone -> org.hibernate.type.BasicTypeReference@1d91fa02
2023-11-07T17:47:42.502-05:00 DEBUG 12336 --- [           main] org.hibernate.type.BasicTypeRegistry     : Adding type registration ZoneOffset -> org.hibernate.type.BasicTypeReference@1578fa9
2023-11-07T17:47:42.502-05:00 DEBUG 12336 --- [           main] org.hibernate.type.BasicTypeRegistry     : Adding type registration java.time.ZoneOffset -> org.hibernate.type.BasicTypeReference@1578fa9
2023-11-07T17:47:42.502-05:00 DEBUG 12336 --- [           main] org.hibernate.type.BasicTypeRegistry     : Adding type registration url -> org.hibernate.type.BasicTypeReference@414b2df5
2023-11-07T17:47:42.502-05:00 DEBUG 12336 --- [           main] org.hibernate.type.BasicTypeRegistry     : Adding type registration java.net.URL -> org.hibernate.type.BasicTypeReference@414b2df5
2023-11-07T17:47:42.502-05:00 DEBUG 12336 --- [           main] org.hibernate.type.BasicTypeRegistry     : Adding type registration row_version -> org.hibernate.type.BasicTypeReference@9e30f9a
2023-11-07T17:47:42.506-05:00 DEBUG 12336 --- [           main] org.hibernate.type.BasicTypeRegistry     : Adding type registration object -> org.hibernate.type.JavaObjectType@120df990
2023-11-07T17:47:42.506-05:00 DEBUG 12336 --- [           main] org.hibernate.type.BasicTypeRegistry     : Adding type registration java.lang.Object -> org.hibernate.type.JavaObjectType@120df990
2023-11-07T17:47:42.507-05:00 DEBUG 12336 --- [           main] org.hibernate.type.BasicTypeRegistry     : Adding type registration null -> org.hibernate.type.NullType@6f96dd64
2023-11-07T17:47:42.508-05:00 DEBUG 12336 --- [           main] org.hibernate.type.BasicTypeRegistry     : Adding type registration imm_date -> org.hibernate.type.BasicTypeReference@4d7cac24
2023-11-07T17:47:42.508-05:00 DEBUG 12336 --- [           main] org.hibernate.type.BasicTypeRegistry     : Adding type registration imm_time -> org.hibernate.type.BasicTypeReference@409732fb
2023-11-07T17:47:42.508-05:00 DEBUG 12336 --- [           main] org.hibernate.type.BasicTypeRegistry     : Adding type registration imm_timestamp -> org.hibernate.type.BasicTypeReference@73d62b5
2023-11-07T17:47:42.508-05:00 DEBUG 12336 --- [           main] org.hibernate.type.BasicTypeRegistry     : Adding type registration imm_calendar -> org.hibernate.type.BasicTypeReference@5e99e2cb
2023-11-07T17:47:42.508-05:00 DEBUG 12336 --- [           main] org.hibernate.type.BasicTypeRegistry     : Adding type registration imm_calendar_date -> org.hibernate.type.BasicTypeReference@76ac68b0
2023-11-07T17:47:42.508-05:00 DEBUG 12336 --- [           main] org.hibernate.type.BasicTypeRegistry     : Adding type registration imm_calendar_time -> org.hibernate.type.BasicTypeReference@f559c74
2023-11-07T17:47:42.508-05:00 DEBUG 12336 --- [           main] org.hibernate.type.BasicTypeRegistry     : Adding type registration imm_binary -> org.hibernate.type.BasicTypeReference@63917fe1
2023-11-07T17:47:42.508-05:00 DEBUG 12336 --- [           main] org.hibernate.type.BasicTypeRegistry     : Adding type registration imm_serializable -> org.hibernate.type.BasicTypeReference@720f56e2
2023-11-07T17:47:42.706-05:00  INFO 12336 --- [           main] o.s.o.j.p.SpringPersistenceUnitInfo      : No LoadTimeWeaver setup: ignoring JPA class transformer
2023-11-07T17:47:42.732-05:00  INFO 12336 --- [           main] com.zaxxer.hikari.HikariDataSource       : HikariPool-1 - Starting...
2023-11-07T17:47:45.163-05:00  INFO 12336 --- [           main] com.zaxxer.hikari.pool.HikariPool        : HikariPool-1 - Added connection com.mysql.cj.jdbc.ConnectionImpl@5b5b53c6
2023-11-07T17:47:45.171-05:00  INFO 12336 --- [           main] com.zaxxer.hikari.HikariDataSource       : HikariPool-1 - Start completed.
2023-11-07T17:47:45.417-05:00  WARN 12336 --- [           main] org.hibernate.orm.deprecation            : HHH90000025: MySQL57Dialect does not need to be specified explicitly using 'hibernate.dialect' (remove the property setting and it will be selected by default)
2023-11-07T17:47:45.418-05:00  WARN 12336 --- [           main] org.hibernate.orm.deprecation            : HHH90000026: MySQL57Dialect has been deprecated; use org.hibernate.dialect.MySQLDialect instead
2023-11-07T17:47:45.438-05:00 DEBUG 12336 --- [           main] o.h.t.d.sql.spi.DdlTypeRegistry          : addDescriptor(12, org.hibernate.type.descriptor.sql.internal.CapacityDependentDdlType@4d664323) replaced previous registration(org.hibernate.type.descriptor.sql.internal.CapacityDependentDdlType@27ec0d06)
2023-11-07T17:47:45.439-05:00 DEBUG 12336 --- [           main] o.h.t.d.sql.spi.DdlTypeRegistry          : addDescriptor(-9, org.hibernate.type.descriptor.sql.internal.CapacityDependentDdlType@2676d96a) replaced previous registration(org.hibernate.type.descriptor.sql.internal.CapacityDependentDdlType@12266084)
2023-11-07T17:47:45.439-05:00 DEBUG 12336 --- [           main] o.h.t.d.sql.spi.DdlTypeRegistry          : addDescriptor(-3, org.hibernate.type.descriptor.sql.internal.CapacityDependentDdlType@6da646b8) replaced previous registration(org.hibernate.type.descriptor.sql.internal.CapacityDependentDdlType@2a65e237)
2023-11-07T17:47:45.439-05:00 DEBUG 12336 --- [           main] o.h.t.d.sql.spi.DdlTypeRegistry          : addDescriptor(4003, org.hibernate.type.descriptor.sql.internal.DdlTypeImpl@3a48c398) replaced previous registration(org.hibernate.type.descriptor.sql.internal.DdlTypeImpl@1b4ba615)
2023-11-07T17:47:45.439-05:00 DEBUG 12336 --- [           main] o.h.t.d.sql.spi.DdlTypeRegistry          : addDescriptor(4001, org.hibernate.type.descriptor.sql.internal.DdlTypeImpl@4407b042) replaced previous registration(org.hibernate.type.descriptor.sql.internal.DdlTypeImpl@41f686af)
2023-11-07T17:47:45.439-05:00 DEBUG 12336 --- [           main] o.h.t.d.sql.spi.DdlTypeRegistry          : addDescriptor(4002, org.hibernate.type.descriptor.sql.internal.DdlTypeImpl@3dded90a) replaced previous registration(org.hibernate.type.descriptor.sql.internal.DdlTypeImpl@7be3abaa)
2023-11-07T17:47:45.439-05:00 DEBUG 12336 --- [           main] o.h.t.d.sql.spi.DdlTypeRegistry          : addDescriptor(2004, org.hibernate.type.descriptor.sql.internal.CapacityDependentDdlType@29f8134) replaced previous registration(org.hibernate.type.descriptor.sql.internal.DdlTypeImpl@77a9ac36)
2023-11-07T17:47:45.439-05:00 DEBUG 12336 --- [           main] o.h.t.d.sql.spi.DdlTypeRegistry          : addDescriptor(2005, org.hibernate.type.descriptor.sql.internal.CapacityDependentDdlType@3c743d40) replaced previous registration(org.hibernate.type.descriptor.sql.internal.DdlTypeImpl@5aac6f9f)
2023-11-07T17:47:45.439-05:00 DEBUG 12336 --- [           main] o.h.t.d.sql.spi.DdlTypeRegistry          : addDescriptor(2011, org.hibernate.type.descriptor.sql.internal.CapacityDependentDdlType@2444c3df) replaced previous registration(org.hibernate.type.descriptor.sql.internal.DdlTypeImpl@1eb6037d)
2023-11-07T17:47:45.441-05:00 DEBUG 12336 --- [           main] o.h.t.d.jdbc.spi.JdbcTypeRegistry        : addDescriptor(NCharTypeDescriptor) replaced previous registration(CharTypeDescriptor)
2023-11-07T17:47:45.441-05:00 DEBUG 12336 --- [           main] o.h.t.d.jdbc.spi.JdbcTypeRegistry        : addDescriptor(NVarcharTypeDescriptor) replaced previous registration(VarcharTypeDescriptor)
2023-11-07T17:47:45.442-05:00 DEBUG 12336 --- [           main] o.h.t.d.jdbc.spi.JdbcTypeRegistry        : addDescriptor(LongNVarcharTypeDescriptor) replaced previous registration(LongVarcharTypeDescriptor)
2023-11-07T17:47:45.444-05:00 DEBUG 12336 --- [           main] o.h.t.d.jdbc.spi.JdbcTypeRegistry        : addDescriptor(NClobTypeDescriptor(DEFAULT)) replaced previous registration(ClobTypeDescriptor(DEFAULT))
2023-11-07T17:47:45.444-05:00 DEBUG 12336 --- [           main] o.h.t.d.jdbc.spi.JdbcTypeRegistry        : addDescriptor(2005, ClobTypeDescriptor(STREAM_BINDING)) replaced previous registration(ClobTypeDescriptor(DEFAULT))
2023-11-07T17:47:45.446-05:00 DEBUG 12336 --- [           main] org.hibernate.type.BasicTypeRegistry     : Adding type registration null -> org.hibernate.type.NullType@749ad37c
2023-11-07T17:47:45.447-05:00 DEBUG 12336 --- [           main] org.hibernate.type.BasicTypeRegistry     : Type registration key [null] overrode previous entry : `org.hibernate.type.NullType@6f96dd64`
2023-11-07T17:47:45.451-05:00 DEBUG 12336 --- [           main] org.hibernate.type.BasicTypeRegistry     : Adding type registration Duration -> basicType@1(java.time.Duration,2)
2023-11-07T17:47:45.451-05:00 DEBUG 12336 --- [           main] org.hibernate.type.BasicTypeRegistry     : Adding type registration java.time.Duration -> basicType@1(java.time.Duration,2)
2023-11-07T17:47:45.454-05:00 DEBUG 12336 --- [           main] org.hibernate.type.BasicTypeRegistry     : Adding type registration org.hibernate.type.OffsetDateTimeType -> basicType@2(java.time.OffsetDateTime,3003)
2023-11-07T17:47:45.454-05:00 DEBUG 12336 --- [           main] org.hibernate.type.BasicTypeRegistry     : Adding type registration OffsetDateTime -> basicType@2(java.time.OffsetDateTime,3003)
2023-11-07T17:47:45.454-05:00 DEBUG 12336 --- [           main] org.hibernate.type.BasicTypeRegistry     : Adding type registration java.time.OffsetDateTime -> basicType@2(java.time.OffsetDateTime,3003)
2023-11-07T17:47:45.454-05:00 DEBUG 12336 --- [           main] org.hibernate.type.BasicTypeRegistry     : Adding type registration org.hibernate.type.ZonedDateTimeType -> basicType@3(java.time.ZonedDateTime,3003)
2023-11-07T17:47:45.454-05:00 DEBUG 12336 --- [           main] org.hibernate.type.BasicTypeRegistry     : Adding type registration ZonedDateTime -> basicType@3(java.time.ZonedDateTime,3003)
2023-11-07T17:47:45.454-05:00 DEBUG 12336 --- [           main] org.hibernate.type.BasicTypeRegistry     : Adding type registration java.time.ZonedDateTime -> basicType@3(java.time.ZonedDateTime,3003)
2023-11-07T17:47:45.455-05:00 DEBUG 12336 --- [           main] org.hibernate.type.BasicTypeRegistry     : Adding type registration org.hibernate.type.OffsetTimeType -> basicType@4(java.time.OffsetTime,3007)
2023-11-07T17:47:45.455-05:00 DEBUG 12336 --- [           main] org.hibernate.type.BasicTypeRegistry     : Adding type registration OffsetTime -> basicType@4(java.time.OffsetTime,3007)
2023-11-07T17:47:45.455-05:00 DEBUG 12336 --- [           main] org.hibernate.type.BasicTypeRegistry     : Adding type registration java.time.OffsetTime -> basicType@4(java.time.OffsetTime,3007)
2023-11-07T17:47:45.456-05:00 DEBUG 12336 --- [           main] o.h.type.spi.TypeConfiguration$Scope     : Scoping TypeConfiguration [org.hibernate.type.spi.TypeConfiguration@1450ffa3] to MetadataBuildingContext [org.hibernate.boot.internal.MetadataBuildingContextRootImpl@4e756867]
2023-11-07T17:47:46.593-05:00  INFO 12336 --- [           main] o.h.e.t.j.p.i.JtaPlatformInitiator       : HHH000489: No JTA platform available (set 'hibernate.transaction.jta.platform' to enable JTA platform integration)
2023-11-07T17:47:46.594-05:00 DEBUG 12336 --- [           main] o.h.type.spi.TypeConfiguration$Scope     : Scoping TypeConfiguration [org.hibernate.type.spi.TypeConfiguration@1450ffa3] to SessionFactoryImplementor [org.hibernate.internal.SessionFactoryImpl@1dd6e400]
2023-11-07T17:47:46.596-05:00 TRACE 12336 --- [           main] o.h.type.spi.TypeConfiguration$Scope     : Handling #sessionFactoryCreated from [org.hibernate.internal.SessionFactoryImpl@1dd6e400] for TypeConfiguration
2023-11-07T17:47:46.596-05:00  INFO 12336 --- [           main] j.LocalContainerEntityManagerFactoryBean : Initialized JPA EntityManagerFactory for persistence unit 'default'
2023-11-07T17:47:46.715-05:00 DEBUG 12336 --- [           main] o.h.stat.internal.StatisticsInitiator    : Statistics initialized [enabled=false]
2023-11-07T17:47:46.947-05:00  INFO 12336 --- [           main] o.s.d.j.r.query.QueryEnhancerFactory     : Hibernate is in classpath; If applicable, HQL parser will be used.
2023-11-07T17:47:47.752-05:00  INFO 12336 --- [           main] o.s.s.web.DefaultSecurityFilterChain     : Will secure any request with [org.springframework.security.web.session.DisableEncodeUrlFilter@77510da, org.springframework.security.web.context.request.async.WebAsyncManagerIntegrationFilter@570f96b7, org.springframework.security.web.context.SecurityContextHolderFilter@629fc74d, org.springframework.security.web.header.HeaderWriterFilter@4efb7c99, org.springframework.web.filter.CorsFilter@1dec84e3, org.springframework.security.web.authentication.logout.LogoutFilter@5ed4c87, com.moviles.jwt.JwtAuthenticationFilter@655008a2, org.springframework.security.web.savedrequest.RequestCacheAwareFilter@3d5a6849, org.springframework.security.web.servletapi.SecurityContextHolderAwareRequestFilter@77376e83, org.springframework.security.web.authentication.AnonymousAuthenticationFilter@7985c32f, org.springframework.security.web.session.SessionManagementFilter@22ca5fe1, org.springframework.security.web.access.ExceptionTranslationFilter@4823f3b8, org.springframework.security.web.access.intercept.AuthorizationFilter@e8bd42f]
2023-11-07T17:47:48.078-05:00  INFO 12336 --- [           main] c.m.ProyectoMovilesApplicationTests      : Started ProyectoMovilesApplicationTests in 7.573 seconds (process running for 8.71)
]]></system-out>
  </testcase>
</testsuite>